This is pdfTeX, Version 3.141592653-2.6-1.40.27 (TeX Live 2025) (preloaded format=pdflatex 2025.3.17)  18 MAR 2025 17:41
entering extended mode
 restricted \write18 enabled.
 %&-line parsing enabled.
**Untitled.tex
(./Untitled.tex
LaTeX2e <2024-11-01> patch level 2
L3 programming layer <2025-01-18>
(./agujournal2018.cls
Document Class: agujournal2018 08/23/2018
(/Users/juliag.dealedo/Library/TinyTeX/texmf-dist/tex/latex/graphics/graphicx.sty
Package: graphicx 2021/09/16 v1.2d Enhanced LaTeX Graphics (DPC,SPQR)
(/Users/juliag.dealedo/Library/TinyTeX/texmf-dist/tex/latex/graphics/keyval.sty
Package: keyval 2022/05/29 v1.15 key=value parser (DPC)
\KV@toks@=\toks17
) (/Users/juliag.dealedo/Library/TinyTeX/texmf-dist/tex/latex/graphics/graphics.sty
Package: graphics 2024/08/06 v1.4g Standard LaTeX Graphics (DPC,SPQR)
(/Users/juliag.dealedo/Library/TinyTeX/texmf-dist/tex/latex/graphics/trig.sty
Package: trig 2023/12/02 v1.11 sin cos tan (DPC)
) (/Users/juliag.dealedo/Library/TinyTeX/texmf-dist/tex/latex/graphics-cfg/graphics.cfg
File: graphics.cfg 2016/06/04 v1.11 sample graphics configuration
)
Package graphics Info: Driver file: pdftex.def on input line 106.
(/Users/juliag.dealedo/Library/TinyTeX/texmf-dist/tex/latex/graphics-def/pdftex.def
File: pdftex.def 2024/04/13 v1.2c Graphics/color driver for pdftex
))
\Gin@req@height=\dimen141
\Gin@req@width=\dimen142
) (/Users/juliag.dealedo/Library/TinyTeX/texmf-dist/tex/latex/xcolor/xcolor.sty
Package: xcolor 2024/09/29 v3.02 LaTeX color extensions (UK)
(/Users/juliag.dealedo/Library/TinyTeX/texmf-dist/tex/latex/graphics-cfg/color.cfg
File: color.cfg 2016/01/02 v1.6 sample color configuration
)
Package xcolor Info: Driver file: pdftex.def on input line 274.
(/Users/juliag.dealedo/Library/TinyTeX/texmf-dist/tex/latex/graphics/mathcolor.ltx)
Package xcolor Info: Model `cmy' substituted by `cmy0' on input line 1349.
Package xcolor Info: Model `hsb' substituted by `rgb' on input line 1353.
Package xcolor Info: Model `RGB' extended on input line 1365.
Package xcolor Info: Model `HTML' substituted by `rgb' on input line 1367.
Package xcolor Info: Model `Hsb' substituted by `hsb' on input line 1368.
Package xcolor Info: Model `tHsb' substituted by `hsb' on input line 1369.
Package xcolor Info: Model `HSB' substituted by `hsb' on input line 1370.
Package xcolor Info: Model `Gray' substituted by `gray' on input line 1371.
Package xcolor Info: Model `wave' substituted by `hsb' on input line 1372.
) (/Users/juliag.dealedo/Library/TinyTeX/texmf-dist/tex/latex/url/url.sty
\Urlmuskip=\muskip17
Package: url 2013/09/16  ver 3.4  Verb mode for urls, etc.
) (./trackchanges.sty
Package: trackchanges 2009/04/22 v0.7.0 TrackChanges file 
(/Users/juliag.dealedo/Library/TinyTeX/texmf-dist/tex/latex/base/ifthen.sty
Package: ifthen 2024/03/16 v1.1e Standard LaTeX ifthen package (DPC)
) (/Users/juliag.dealedo/Library/TinyTeX/texmf-dist/tex/latex/tools/calc.sty
Package: calc 2023/07/08 v4.3 Infix arithmetic (KKT,FJ)
\calc@Acount=\count196
\calc@Bcount=\count197
\calc@Adimen=\dimen143
\calc@Bdimen=\dimen144
\calc@Askip=\skip49
\calc@Bskip=\skip50
LaTeX Info: Redefining \setlength on input line 80.
LaTeX Info: Redefining \addtolength on input line 81.
\calc@Ccount=\count198
\calc@Cskip=\skip51
) (/Users/juliag.dealedo/Library/TinyTeX/texmf-dist/tex/generic/soul/soul.sty
Package: soul 2023-06-14 v3.1 Permit use of UTF-8 characters in soul (HO)
(/Users/juliag.dealedo/Library/TinyTeX/texmf-dist/tex/generic/soul/soul-ori.sty
Package: soul-ori 2023-06-14 v3.1 letterspacing/underlining (mf)
\SOUL@word=\toks18
\SOUL@lasttoken=\toks19
\SOUL@syllable=\toks20
\SOUL@cmds=\toks21
\SOUL@buffer=\toks22
\SOUL@token=\toks23
\SOUL@syllgoal=\dimen145
\SOUL@syllwidth=\dimen146
\SOUL@charkern=\dimen147
\SOUL@hyphkern=\dimen148
\SOUL@dimen=\dimen149
\SOUL@dimeni=\dimen150
\SOUL@minus=\count199
\SOUL@comma=\count266
\SOUL@apo=\count267
\SOUL@grave=\count268
\SOUL@spaceskip=\skip52
\SOUL@ttwidth=\dimen151
\SOUL@uldp=\dimen152
\SOUL@ulht=\dimen153
) (/Users/juliag.dealedo/Library/TinyTeX/texmf-dist/tex/generic/infwarerr/infwarerr.sty
Package: infwarerr 2019/12/03 v1.5 Providing info/warning/error messages (HO)
) (/Users/juliag.dealedo/Library/TinyTeX/texmf-dist/tex/generic/etexcmds/etexcmds.sty
Package: etexcmds 2019/12/15 v1.7 Avoid name clashes with e-TeX commands (HO)
(/Users/juliag.dealedo/Library/TinyTeX/texmf-dist/tex/generic/iftex/iftex.sty
Package: iftex 2024/12/12 v1.0g TeX engine tests
))) (/Users/juliag.dealedo/Library/TinyTeX/texmf-dist/tex/latex/morefloats/morefloats.sty
Package: morefloats 2025/01/28 v1.1a Raise limit of unprocessed floats (HMM)
(/Users/juliag.dealedo/Library/TinyTeX/texmf-dist/tex/latex/kvoptions/kvoptions.sty
Package: kvoptions 2022-06-15 v3.15 Key value format for package options (HO)
(/Users/juliag.dealedo/Library/TinyTeX/texmf-dist/tex/generic/ltxcmds/ltxcmds.sty
Package: ltxcmds 2023-12-04 v1.26 LaTeX kernel commands for general use (HO)
) (/Users/juliag.dealedo/Library/TinyTeX/texmf-dist/tex/latex/kvsetkeys/kvsetkeys.sty
Package: kvsetkeys 2022-10-05 v1.19 Key value parser (HO)
))
Package morefloats Info: Maximum number of possible floats asked for: 36
(morefloats)             (i.e. 18 more floats).
(morefloats)             LaTeX might run out of memory before this
(morefloats)             (in which case it will notify you).
)
\c@userid=\count269
\c@changenumber=\count270
\c@storefootnote=\count271
\c@numeditors=\count272
\c@maxeditors=\count273
) (/Users/juliag.dealedo/Library/TinyTeX/texmf-dist/tex/latex/lineno/lineno.sty
Package: lineno 2025/01/29 line numbers on paragraphs v5.4
(/Users/juliag.dealedo/Library/TinyTeX/texmf-dist/tex/latex/etoolbox/etoolbox.sty
Package: etoolbox 2025/02/11 v2.5l e-TeX tools for LaTeX (JAW)
\etb@tempcnta=\count274
)
\linenopenalty=\count275
\output=\toks24
\linenoprevgraf=\count276
\linenumbersep=\dimen154
\linenumberwidth=\dimen155
\c@linenumber=\count277
\c@pagewiselinenumber=\count278
\c@LN@truepage=\count279
\c@internallinenumber=\count280
\c@internallinenumbers=\count281
\quotelinenumbersep=\dimen156
\bframerule=\dimen157
\bframesep=\dimen158
\bframebox=\box52
LaTeX Info: Redefining \\ on input line 3187.
) (/Users/juliag.dealedo/Library/TinyTeX/texmf-dist/tex/latex/tools/indentfirst.sty
Package: indentfirst 2023/07/02 v1.03 Indent first paragraph (DPC)
) (/Users/juliag.dealedo/Library/TinyTeX/texmf-dist/tex/latex/ragged2e/ragged2e.sty
Package: ragged2e 2023/06/22 v3.6 ragged2e Package
\CenteringLeftskip=\skip53
\RaggedLeftLeftskip=\skip54
\RaggedRightLeftskip=\skip55
\CenteringRightskip=\skip56
\RaggedLeftRightskip=\skip57
\RaggedRightRightskip=\skip58
\CenteringParfillskip=\skip59
\RaggedLeftParfillskip=\skip60
\RaggedRightParfillskip=\skip61
\JustifyingParfillskip=\skip62
\CenteringParindent=\skip63
\RaggedLeftParindent=\skip64
\RaggedRightParindent=\skip65
\JustifyingParindent=\skip66
) (/Users/juliag.dealedo/Library/TinyTeX/texmf-dist/tex/latex/graphics/rotating.sty
Package: rotating 2016/08/11 v2.16d rotated objects in LaTeX
\c@r@tfl@t=\count282
\rotFPtop=\skip67
\rotFPbot=\skip68
\rot@float@box=\box53
\rot@mess@toks=\toks25
) (/Users/juliag.dealedo/Library/TinyTeX/texmf-dist/tex/generic/ulem/ulem.sty
\UL@box=\box54
\UL@hyphenbox=\box55
\UL@skip=\skip69
\UL@hook=\toks26
\UL@height=\dimen159
\UL@pe=\count283
\UL@pixel=\dimen160
\ULC@box=\box56
Package: ulem 2019/11/18
\ULdepth=\dimen161
)
\draftskip=\count284
\c@section=\count285
\c@subsection=\count286
\c@subsubsection=\count287
\c@paragraph=\count288
\c@subparagraph=\count289
\c@figure=\count290
\c@table=\count291
\abovecaptionskip=\skip70
\belowcaptionskip=\skip71
\c@appendnum=\count292
\bibindent=\dimen162
(/Users/juliag.dealedo/Library/TinyTeX/texmf-dist/tex/latex/apacite/apacite.sty
Package: apacite 2013/07/21 v6.03 APA citation
\c@BibCnt=\count293
\bibleftmargin=\skip72
\bibindent=\skip73
\bibparsep=\skip74
\bibitemsep=\skip75
\biblabelsep=\skip76
) (/Users/juliag.dealedo/Library/TinyTeX/texmf-dist/tex/latex/natbib/natbib.sty
Package: natbib 2010/09/13 8.31b (PWD, AO)
\bibhang=\skip77
\bibsep=\skip78
LaTeX Info: Redefining \cite on input line 694.
\c@NAT@ctr=\count294
)
LaTeX Info: Redefining \BBA on input line 1149.
) (/Users/juliag.dealedo/Library/TinyTeX/texmf-dist/tex/generic/soul/soulutf8.sty
Package: soulutf8 2023-06-14 v3.1 Permit use of UTF-8 characters in soul (HO)

Package soulutf8 Warning: This package is obsolete,
(soulutf8)                use the soul package directly. 
(soulutf8)                 on input line 29.

) (/Users/juliag.dealedo/Library/TinyTeX/texmf-dist/tex/latex/l3backend/l3backend-pdftex.def
File: l3backend-pdftex.def 2024-05-08 L3 backend support: PDF output (pdfTeX)
\l__color_backend_stack_int=\count295
\l__pdf_internal_box=\box57
)
No file Untitled.aux.
\openout1 = `Untitled.aux'.

LaTeX Font Info:    Checking defaults for OML/cmm/m/it on input line 76.
LaTeX Font Info:    ... okay on input line 76.
LaTeX Font Info:    Checking defaults for OMS/cmsy/m/n on input line 76.
LaTeX Font Info:    ... okay on input line 76.
LaTeX Font Info:    Checking defaults for OT1/cmr/m/n on input line 76.
LaTeX Font Info:    ... okay on input line 76.
LaTeX Font Info:    Checking defaults for T1/cmr/m/n on input line 76.
LaTeX Font Info:    ... okay on input line 76.
LaTeX Font Info:    Checking defaults for TS1/cmr/m/n on input line 76.
LaTeX Font Info:    ... okay on input line 76.
LaTeX Font Info:    Checking defaults for OMX/cmex/m/n on input line 76.
LaTeX Font Info:    ... okay on input line 76.
LaTeX Font Info:    Checking defaults for U/cmr/m/n on input line 76.
LaTeX Font Info:    ... okay on input line 76.
(/Users/juliag.dealedo/Library/TinyTeX/texmf-dist/tex/latex/epstopdf-pkg/epstopdf-base.sty
Package: epstopdf-base 2020-01-24 v2.11 Base part for package epstopdf
Package epstopdf-base Info: Redefining graphics rule for `.eps' on input line 485.
(/Users/juliag.dealedo/Library/TinyTeX/texmf-dist/tex/latex/latexconfig/epstopdf-sys.cfg
File: epstopdf-sys.cfg 2010/07/13 v1.3 Configuration of (r)epstopdf for TeX Live
))

Package trackchanges Warning: TrackChanges is not compatable with the 
(trackchanges)                'ulem' package.
(trackchanges)                Use the 'soul' package instead.

\c@maskedRefs=\count296
(/Users/juliag.dealedo/Library/TinyTeX/texmf-dist/tex/latex/apacite/english.apc
File: english.apc 2013/07/21 v6.03 apacite language file
LaTeX Info: Redefining \BPBI on input line 129.
LaTeX Info: Redefining \BHBI on input line 130.
)
LaTeX Font Info:    External font `cmex10' loaded for size
(Font)              <7> on input line 122.
LaTeX Font Info:    External font `cmex10' loaded for size
(Font)              <5> on input line 122.
LaTeX Font Info:    External font `cmex10' loaded for size
(Font)              <8> on input line 130.
LaTeX Font Info:    External font `cmex10' loaded for size
(Font)              <6> on input line 130.


[1{/Users/juliag.dealedo/Library/TinyTeX/texmf-var/fonts/map/pdftex/updmap/pdftex.map}]
Overfull \hbox (13.32085pt too wide) in paragraph at lines 180--196
\OT1/cmtt/m/n/10 labeleR \OT1/cmr/m/n/10 is an R pack-age de-signed to au-to-mate the cre-ation of col-lec-tion la-bels and doc- 
 []


Overfull \hbox (3.15456pt too wide) in paragraph at lines 180--196
\OT1/cmr/m/n/10 u-ments for sci-en-tific events. It sim-pli-fies repet-i-tive and time-consuming tasks, of-fer-ing 
 []


Overfull \hbox (23.07086pt too wide) in paragraph at lines 180--196
\OT1/cmr/m/n/10 a prac-ti-cal al-ter-na-tive to man-ual or costly tools. With \OT1/cmtt/m/n/10 labeleR\OT1/cmr/m/n/10 , users can gen-er-ate a wide 
 []


Overfull \hbox (26.0158pt too wide) in paragraph at lines 180--196
\OT1/cmr/m/n/10 va-ri-ety of cus-tomiz-able PDF doc-u-ments that can also be au-to-mat-i-cally emailed. The pack- 
 []


Overfull \hbox (2.0156pt too wide) in paragraph at lines 180--196
\OT1/cmr/m/n/10 age pro-vides a set of func-tions clas-si-fied into two groups: sci-en-tific col-lec-tions (e.g. la- 
 []


Overfull \hbox (1.23788pt too wide) in paragraph at lines 180--196
\OT1/cmr/m/n/10 bels for herbar-ium or in-sects) and sci-en-tific events or-gan-i-za-tion (e.g. per-sonal badges, 
 []


Overfull \hbox (1.26582pt too wide) in paragraph at lines 180--196
\OT1/cmr/m/n/10 ab-stract books and cer-tifi-cates of at-ten-dance and par-tic-i-pa-tion). Start-ing from a tidy 
 []


Overfull \hbox (0.79341pt too wide) in paragraph at lines 180--196
\OT1/cmr/m/n/10 dataset, users can eas-ily cus-tomize con-tent, in-cor-po-rate QR codes, lo-gos, im-ages, and 
 []


Overfull \hbox (6.18196pt too wide) in paragraph at lines 180--196
\OT1/cmr/m/n/10 edit their own tem-plates. \OT1/cmtt/m/n/10 labeleR \OT1/cmr/m/n/10 trans-forms te-dious and repet-i-tive work-flows into an 
 []


Overfull \hbox (9.65456pt too wide) in paragraph at lines 180--196
\OT1/cmr/m/n/10 ef-fi-cient, re-pro-ducible pro-cess, con-tribut-ing to greater sci-en-tific pro-duc-tiv-ity. The pack- 
 []


Overfull \hbox (10.82121pt too wide) in paragraph at lines 180--196
\OT1/cmr/m/n/10 age is avail-able un-der an open-source li-cense and can be freely down-loaded from CRAN 
 []


Overfull \hbox (28.84923pt too wide) in paragraph at lines 199--201
\OT1/cmr/m/n/10 Some jour-nals re-quire a plain lan-guage sum-mary. See: https://publications.agu.org/author- 
 []


LaTeX Font Warning: Font shape `OT1/cmr/m/n' in size <10.5> not available
(Font)              size <10.95> substituted on input line 202.


LaTeX Font Warning: Font shape `OT1/cmr/bx/n' in size <10.5> not available
(Font)              size <10.95> substituted on input line 202.


Overfull \hbox (17.2614pt too wide) in paragraph at lines 206--206
[]\OT1/cmtt/m/n/10 Concise cover letter focused on the question the manuscript attempts to address[] 
 []


Package natbib Warning: Citation `brahms2025' on page 2 undefined on input line 214.


Package natbib Warning: Citation `irisbg2024' on page 2 undefined on input line 214.


Package natbib Warning: Citation `elysia2019' on page 2 undefined on input line 219.


Package natbib Warning: Citation `plabel2020' on page 2 undefined on input line 219.


Package natbib Warning: Citation `entomolabels2022' on page 2 undefined on input line 220.


Package natbib Warning: Citation `lichenlabler2025' on page 2 undefined on input line 221.


Package natbib Warning: Citation `herblabel' on page 2 undefined on input line 221.


Overfull \hbox (43.34903pt too wide) in paragraph at lines 210--230
[]\OT1/cmr/m/n/10 The man-age-ment and de-sign of sci-en-tific la-bels and event doc-u-ments is a time-consuming 
 []


Overfull \hbox (10.73792pt too wide) in paragraph at lines 210--230
\OT1/cmr/m/n/10 task. Large-scale la-bel gen-er-a-tion tools for herbar-ium and sci-en-tific col-lec-tions (used by 
 []


Overfull \hbox (9.34908pt too wide) in paragraph at lines 210--230
\OT1/cmr/m/n/10 in-sti-tu-tions such as mu-se-ums or botan-i-cal gar-dens) are of-ten paid and pro-pri-etary soft- 
 []


Overfull \hbox (21.26567pt too wide) in paragraph at lines 210--230
\OT1/cmr/m/n/10 ware (e.g. \OT1/cmr/bx/n/10 ? ?\OT1/cmr/m/n/10 ). Mi-crosoft Excel-Word in-te-gra-tion through mail-ing lists is com-monly used 
 []


Overfull \hbox (18.82132pt too wide) in paragraph at lines 210--230
\OT1/cmr/m/n/10 at a smaller scale, al-though still in-volv-ing paid soft-ware with lim-ited large database man- 
 []


Overfull \hbox (2.48785pt too wide) in paragraph at lines 210--230
\OT1/cmr/m/n/10 age-ment ca-pac-ity. Most free al-ter-na-tives are not open-source, re-quire in-stalling a pro- 
 []


Overfull \hbox (7.54356pt too wide) in paragraph at lines 210--230
\OT1/cmr/m/n/10 gram with lim-ited cus-tomiza-tion, and are of-ten only com-pat-i-ble with Win-dows op-er-at- 
 []


Overfull \hbox (29.45992pt too wide) in paragraph at lines 210--230
\OT1/cmr/m/n/10 ing sys-tem (e.g. \OT1/cmr/bx/n/10 ? ?\OT1/cmr/m/n/10 ), or de-signed for very spe-cific pur-poses (e.g. \OT1/cmr/bx/n/10 ? \OT1/cmr/m/n/10 for in-sects, \OT1/cmr/bx/n/10 ? \OT1/cmr/m/n/10 for lichens 
 []


Overfull \hbox (0.72392pt too wide) in paragraph at lines 210--230
\OT1/cmr/m/n/10 or \OT1/cmr/bx/n/10 ? \OT1/cmr/m/n/10 for plant vouch-ers). Ad-di-tion-ally, cre-den-tials and cer-tifi-cates for sci-en-tific events 
 []


Overfull \hbox (5.18236pt too wide) in paragraph at lines 210--230
\OT1/cmr/m/n/10 are ei-ther cre-ated man-u-ally one at a time, through paid on-line servers, or by hir-ing an 
 []


Overfull \hbox (12.90459pt too wide) in paragraph at lines 210--230
\OT1/cmr/m/n/10 event or-gan-i-za-tion com-pany. To our knowl-edge, there are no free, cus-tomiz-able tools for 
 []


Overfull \hbox (0.26537pt too wide) in paragraph at lines 210--230
\OT1/cmr/m/n/10 the bulk pro-duc-tion and dis-tri-bu-tion of these doc-u-ments. \OT1/cmtt/m/n/10 labeleR \OT1/cmr/m/n/10 fills this gap fa-cil- 
 []


Overfull \hbox (14.54346pt too wide) in paragraph at lines 210--230
\OT1/cmr/m/n/10 i-tat-ing the cre-ation of sci-en-tific col-lec-tion la-bels, con-fer-ence badges, at-ten-dance and par- 
 []



[2]

Package natbib Warning: Citation `rmarkdown' on page 3 undefined on input line 234.


Overfull \hbox (8.8897pt too wide) in paragraph at lines 233--246
[]\OT1/cmr/m/n/10 The \OT1/cmtt/m/n/10 labeleR \OT1/cmr/m/n/10 pack-age builds upon the \OT1/cmtt/m/n/10 RMarkdown \OT1/cmr/m/n/10 ecosys-tem (\OT1/cmr/bx/n/10 ?\OT1/cmr/m/n/10 ) to gen-er-ate PDF 
 []


Overfull \hbox (20.4876pt too wide) in paragraph at lines 233--246
\OT1/cmr/m/n/10 doc-u-ments from a tidy data frame in R (Fig-ure 1). \OT1/cmtt/m/n/10 labeleR \OT1/cmr/m/n/10 func-tions in-clude three types 
 []


Overfull \hbox (17.90456pt too wide) in paragraph at lines 233--246
\OT1/cmr/m/n/10 of ar-gu-ments: (1) R in-struc-tions, such as the data ob-ject, paths and file name of the ren- 
 []


Overfull \hbox (5.51573pt too wide) in paragraph at lines 233--246
\OT1/cmr/m/n/10 dered doc-u-ment; (2) ``fixed'' ar-gu-ments, text that re-mains con-stant across out-put doc- 
 []


Overfull \hbox (8.46017pt too wide) in paragraph at lines 233--246
\OT1/cmr/m/n/10 in the dataframe, thus chang-ing be-tween doc-u-ments (e.g. tax-o-nomic names in la-bels or 
 []


Overfull \hbox (2.43228pt too wide) in paragraph at lines 233--246
\OT1/cmr/m/n/10 at-tendee names in cer-tifi-cates). A QR code can be in-cluded ei-ther through a fixed ar- 
 []


Overfull \hbox (4.98788pt too wide) in paragraph at lines 233--246
\OT1/cmr/m/n/10 gu-ment or a vari-able ar-gu-ment, with-out the need for ex-ter-nal soft-ware. Users can also 
 []


Overfull \hbox (7.51523pt too wide) in paragraph at lines 233--246
\OT1/cmr/m/n/10 edit and adapt the de-fault \OT1/cmtt/m/n/10 RMarkdown \OT1/cmr/m/n/10 tem-plates pro-vided by the pack-age for their own 
 []


Overfull \hbox (17.099pt too wide) in paragraph at lines 251--261
[]\OT1/cmr/m/n/10 Appropriate la-belling of sam-ples is a fun-da-men-tal step of the sci-en-tific pro-cess (i.e., 
 []


Overfull \hbox (5.3491pt too wide) in paragraph at lines 251--261
\OT1/cmr/m/n/10 la-belling test tubes in lab-o-ra-to-ries, stor-ing an-i-mal or plant ma-te-ri-als or dis-play-ing col- 
 []


Overfull \hbox (3.6824pt too wide) in paragraph at lines 251--261
\OT1/cmr/m/n/10 lec-tions in mu-se-ums or botan-i-cal gar-dens). A user-friendly bulk ren-der-ing tool is vi-tal 
 []


Overfull \hbox (2.12683pt too wide) in paragraph at lines 251--261
\OT1/cmr/m/n/10 for ef-fi-ciently pro-duc-ing crafted, uni-form la-bels in a re-pro-ducible man-ner. We present 
 []


Overfull \hbox (12.65466pt too wide) in paragraph at lines 251--261
\OT1/cmr/m/n/10 three la-bel types: ``herbar-ium'' (most com-plex), ``col-lec-tion'' (most aes-thetic) and ``tiny- 
 []


Overfull \hbox (16.54349pt too wide) in paragraph at lines 251--261
\OT1/cmr/m/n/10 la-bels'' (com-pact and sim-pli-fied, for small in-sect col-lec-tions) (Fig-ure 2). These la-bels can 
 []


Overfull \hbox (5.07121pt too wide) in paragraph at lines 251--261
\OT1/cmr/m/n/10 in-clude QR codes (e.g. links to web-sites, im-ages, or iden-ti-fi-ca-tion codes) with-out ad-di- 
 []


Overfull \hbox (4.48787pt too wide) in paragraph at lines 264--272
[]\OT1/cmr/m/n/10 Herbarium la-bels are one of the doc-u-ments with more vari-able pa-ram-e-ters. Note 
 []


Overfull \hbox (7.81982pt too wide) in paragraph at lines 264--272
\OT1/cmr/m/n/10 that the \OT1/cmtt/m/n/10 family.column \OT1/cmr/m/n/10 con-tent will al-ways be cap-i-tal-ized, and the \OT1/cmtt/m/n/10 taxon.column \OT1/cmr/m/n/10 one 
 []


Overfull \hbox (18.23785pt too wide) in paragraph at lines 264--272
\OT1/cmr/m/n/10 in ital-ics, rec-om-mended to be used as orig-i-nally de-fined, while the rest ca be in-ter-change- 
 []


Overfull \hbox (8.04344pt too wide) in paragraph at lines 264--272
\OT1/cmr/m/n/10 able. The QR can stand for a free text (and there-fore re-main iden-ti-cal in all la-bels), or 
 []


Overfull \hbox (21.93243pt too wide) in paragraph at lines 264--272
\OT1/cmr/m/n/10 be a col-umn name, and the codes will be ren-dered with the in-di-vid-ual in-for-ma-tion of each 
 []


Underfull \vbox (badness 10000) has occurred while \output is active []



[3]
Overfull \hbox (3.48785pt too wide) in paragraph at lines 303--310
[]\OT1/cmr/m/n/10 They count with five vari-able pa-ram-e-ters, which are not rec-om-mended to be too 
 []


Overfull \hbox (10.43248pt too wide) in paragraph at lines 303--310
\OT1/cmr/m/n/10 long, along with the pos-si-bil-ity of in-clud-ing a QR code (fixed or vari-able) and an im-age 
 []


Overfull \hbox (13.84904pt too wide) in paragraph at lines 303--310
\OT1/cmr/m/n/10 (logo or pic-ture). Field 1 will be al-ways cap-i-tal-ized, and Field 2 ital-i-cized. Any field can 
 []


Overfull \hbox (0.65462pt too wide) in paragraph at lines 303--310
\OT1/cmr/m/n/10 be left blank. The user may man-u-ally fix the back-groud and text col-ors to their pref- 
 []


Overfull \hbox (24.32121pt too wide) in paragraph at lines 303--310
\OT1/cmr/m/n/10 er-ence, us-ing HTML color codes. Eight dif-fer-ent la-bels will fit in each of the A4 pdf pages.  
 []


Underfull \vbox (badness 10000) has occurred while \output is active []



[4]
Overfull \hbox (10.87679pt too wide) in paragraph at lines 330--335
[]\OT1/cmr/m/n/10 This type of la-bels is a sim-pli-fied ver-sion of the col-lec-tion la-bel, in-clud-ing just five 
 []


Overfull \hbox (1.1268pt too wide) in paragraph at lines 330--335
\OT1/cmr/m/n/10 vari-able fields and the pos-si-bil-ity of in-clud-ing a QR code. It is rec-om-mended to write 
 []


Overfull \hbox (6.4046pt too wide) in paragraph at lines 330--335
\OT1/cmr/m/n/10 short texts in the vari-able ar-gu-ments and in the QR, as they might be-come dif-fi-cult to 
 []



[5]
Overfull \hbox (12.21008pt too wide) in paragraph at lines 352--360
[]\OT1/cmr/m/n/10 Scientific events of-ten host a high num-ber of par-tic-i-pants, and re-quire the cre-ation 
 []


Overfull \hbox (2.76578pt too wide) in paragraph at lines 352--360
\OT1/cmr/m/n/10 of dif-fer-ent doc-u-men-ta-tion, such as ab-stract books, per-sonal iden-ti-fi-ca-tion badges and 
 []


Overfull \hbox (32.98796pt too wide) in paragraph at lines 352--360
\OT1/cmr/m/n/10 cer-tifi-cates for at-ten-dees and par-tic-i-pants. Bulk ren-der-ing sig-nif-i-cantly de-creases the amount 
 []


Overfull \hbox (15.96011pt too wide) in paragraph at lines 352--360
\OT1/cmr/m/n/10 of time in-vested in the cre-ation of these doc-u-ments. More-over, to de-liver at-ten-dance and 
 []


Overfull \hbox (13.62648pt too wide) in paragraph at lines 352--360
\OT1/cmr/m/n/10 par-tic-i-pa-tion cer-tifi-cates au-to-mat-i-cally, those \OT1/cmtt/m/n/10 labeleR \OT1/cmr/m/n/10 func-tions al-low users to au-to-mat- 
 []


Overfull \hbox (13.84903pt too wide) in paragraph at lines 363--372
[]\OT1/cmr/m/n/10 Abstract books re-sult in a sin-gle pdf doc-u-ment with mul-ti-ple pages. Each ab-stract 
 []


Overfull \hbox (25.48793pt too wide) in paragraph at lines 363--372
\OT1/cmr/m/n/10 will ap-pear on a dif-fer-ent page, fol-low-ing the same or-der as in the dataframe rows. If other 
 []


Overfull \hbox (1.8767pt too wide) in paragraph at lines 363--372
\OT1/cmr/m/n/10 or-der of ap-pear-ance is de-sired, it is nec-es-sary to first ar-range the columns in the orig- 
 []


Overfull \hbox (3.54355pt too wide) in paragraph at lines 363--372
\OT1/cmr/m/n/10 i-nal dataframe. Each page will in-clude four vari-able fields (ti-tle, au-thor names, af-fil-i-a- 
 []


Overfull \hbox (15.09904pt too wide) in paragraph at lines 363--372
\OT1/cmr/m/n/10 tions and the ab-stract texts). The out-put doc-u-ment can in-clude a ta-ble of con-tents with 
 []


Overfull \hbox (10.98793pt too wide) in paragraph at lines 363--372
\OT1/cmr/m/n/10 the ti-tles and page num-bers of all ab-stracts. Ad-di-tion-ally, is pos-si-ble to in-sert a cus-tom 
 []


Underfull \vbox (badness 10000) has occurred while \output is active []



[6]
Overfull \hbox (14.62668pt too wide) in paragraph at lines 392--397
[]\OT1/cmr/m/n/10 Badges can be used for per-sonal ac-cred-i-ta-tion in con-gresses, courses, meet-ings, etc. 
 []


Overfull \hbox (0.48795pt too wide) in paragraph at lines 392--397
\OT1/cmr/m/n/10 They have only two vari-able fields (name and af-fil-i-a-tion), and can in-clude two top lo- 
 []


Overfull \hbox (18.98802pt too wide) in paragraph at lines 392--397
\OT1/cmr/m/n/10 gos or im-ages. Ac-cred-i-ta-tion badges in-clude a dot line in the bot-tom for in-di-vid-ual hand- 
 []


Overfull \hbox (27.7613pt too wide) in paragraph at lines 409--409
[]  \OT1/cmtt/m/n/10 rpic = system.file("rmarkdown/pictures/Hogwartslogo.png", package = "labeleR"),[] 
 []


Overfull \hbox (1.51154pt too wide) in paragraph at lines 409--409
[]  \OT1/cmtt/m/n/10 lpic = system.file("rmarkdown/pictures/MinMagic.png", package = "labeleR")[] 
 []


Overfull \hbox (4.96005pt too wide) in paragraph at lines 413--417
[]\OT1/cmr/m/n/10 Attendance cer-tifi-cates the only vari-able pa-ram-e-ter is the name of the at-ten-dees. 
 []


Overfull \hbox (4.90459pt too wide) in paragraph at lines 413--417
\OT1/cmr/m/n/10 It al-lows to in-clude a sig-na-ture as an im-age, im-ply-ing that the signer does not have to 
 []


Underfull \vbox (badness 10000) has occurred while \output is active []



[7]
Overfull \hbox (27.7613pt too wide) in paragraph at lines 436--436
[]  \OT1/cmtt/m/n/10 rpic = system.file("rmarkdown/pictures/Hogwartslogo.png", package = "labeleR"),[] 
 []


Overfull \hbox (27.7613pt too wide) in paragraph at lines 436--436
[]  \OT1/cmtt/m/n/10 lpic = system.file("rmarkdown/pictures/Hogwartslogo.png", package = "labeleR"),[] 
 []


Overfull \hbox (59.26103pt too wide) in paragraph at lines 436--436
[]  \OT1/cmtt/m/n/10 signature.pic = system.file("rmarkdown/pictures/dumbledore.png", package = "labeleR")[] 
 []


Overfull \hbox (12.76564pt too wide) in paragraph at lines 440--443
[]\OT1/cmr/m/n/10 Participation cer-tifi-cates in-clude mul-ti-ple vari-able pa-ram-e-ters (such as speaker, af- 
 []


Overfull \hbox (27.7613pt too wide) in paragraph at lines 464--464
[]  \OT1/cmtt/m/n/10 rpic = system.file("rmarkdown/pictures/Hogwartslogo.png", package = "labeleR"),[] 
 []


Overfull \hbox (6.76149pt too wide) in paragraph at lines 464--464
[]  \OT1/cmtt/m/n/10 lpic = system.file("rmarkdown/pictures/MinMagic.png", package = "labeleR"),[] 
 []


Overfull \hbox (59.26103pt too wide) in paragraph at lines 464--464
[]  \OT1/cmtt/m/n/10 signature.pic = system.file("rmarkdown/pictures/dumbledore.png", package = "labeleR")[] 
 []


Overfull \hbox (11.40414pt too wide) in paragraph at lines 468--478
[]\OT1/cmr/m/n/10 The \OT1/cmtt/m/n/10 labeleR \OT1/cmr/m/n/10 phi-los-o-phy is quite sim-ple: cre-at-ing mul-ti-ple doc-u-ments with a com- 
 []


Overfull \hbox (19.988pt too wide) in paragraph at lines 468--478
\OT1/cmr/m/n/10 mon de-sign from a dataset con-tain-ing the re-quired in-for-ma-tion. It of-fers a mod-u-lar struc- 
 []


Overfull \hbox (10.9324pt too wide) in paragraph at lines 468--478
\OT1/cmr/m/n/10 ture that al-lows for cus-tomiza-tion and ex-ten-sion for new ap-pli-ca-tions. For in-stance, the 
 []


Overfull \hbox (11.4336pt too wide) in paragraph at lines 468--478
\OT1/cmr/m/n/10 newly added \OT1/cmtt/m/n/10 create[]multichoice \OT1/cmr/m/n/10 func-tion gen-er-ates mul-ti-choice tests ran-dom-iz-ing the 
 []


Overfull \hbox (9.23788pt too wide) in paragraph at lines 468--478
\OT1/cmr/m/n/10 or-der of ques-tions and pos-si-ble an-swers from a given ta-ble (ques-tion bank). New de-vel- 
 []


Overfull \hbox (9.16861pt too wide) in paragraph at lines 468--478
\OT1/cmr/m/n/10 op-ments will hap-pen in the GitHub repos-i-tory (https://github.com/EcologyR/labeleR) 
 []


Overfull \hbox (7.73787pt too wide) in paragraph at lines 468--478
\OT1/cmr/m/n/10 and even-tu-ally pushed to CRAN. User feed-back and code con-tri-bu-tions are wel-come in 
 []


Underfull \vbox (badness 10000) has occurred while \output is active []



[8]
Overfull \hbox (13.18237pt too wide) in paragraph at lines 489--499
[]\OT1/cmr/m/n/10 This pack-age has been de-vel-oped col-lab-o-ra-tively be-tween Sevilla and Madrid, with 
 []


Overfull \hbox (15.40462pt too wide) in paragraph at lines 489--499
\OT1/cmr/m/n/10 con-tin-u-ous feed-back from col-leagues in both lo-ca-tions. We ac-knowl-edge their in-put, sup- 
 []


Overfull \hbox (11.54353pt too wide) in paragraph at lines 489--499
\OT1/cmr/m/n/10 port and col-lab-o-ra-tion. We are es-pe-cially grate-ful to Manuel Molina for his ideas at `la- 
 []


Overfull \hbox (21.09901pt too wide) in paragraph at lines 489--499
\OT1/cmr/m/n/10 beleR ini-tial stages. We would like to em-pha-size that the orig-i-nal idea has been built hor- 
 []


Overfull \hbox (12.96008pt too wide) in paragraph at lines 489--499
\OT1/cmr/m/n/10 i-zon-tally among early ca-reer re-searchers. Our work has been pos-si-ble thanks to the sup- 
 []


Overfull \hbox (40.2658pt too wide) in paragraph at lines 489--499
\OT1/cmr/m/n/10 port of the in-sti-tu-tions and projects that em-ploy us, and es-pe-cially by the software-developing 
 []


Overfull \hbox (15.68248pt too wide) in paragraph at lines 489--499
\OT1/cmr/m/n/10 work-shop (C^^Sadiz, La Muela, 2023) or-ga-nized by AEET and funded by US-1381388 grant 
 []


Overfull \hbox (0.90448pt too wide) in paragraph at lines 500--511
[]\OT1/cmr/m/n/10 J.G.A. was sup-ported by Next Gen-er-a-tion EU In-ves-tigo con-tract (URJC-AI-17) 
 []


Overfull \hbox (6.51584pt too wide) in paragraph at lines 500--511
\OT1/cmr/m/n/10 and AN-TENNA Bio-di-versa+ and Eu-ro-pean Com-mis-sion (PCI2023-146022-2) post-doc- 
 []


Overfull \hbox (48.90475pt too wide) in paragraph at lines 500--511
\OT1/cmr/m/n/10 toral con-tract. J.M.M. was sup-ported by the Co-mu-nidad de Madrid and Uni-ver-si-dad Aut^^Sonoma 
 []


Overfull \hbox (23.15463pt too wide) in paragraph at lines 500--511
\OT1/cmr/m/n/10 de Madrid doc-toral grant PEJ-2020-AI/AMB-17551 and re-search as-sis-tant con-tract PIPF- 
 []


Overfull \hbox (6.90466pt too wide) in paragraph at lines 500--511
\OT1/cmr/m/n/10 2022/ECO-24251. F.R.-S. was sup-ported by VI PPIT-US and grants US-1381388 from 
 []


Overfull \hbox (1.73805pt too wide) in paragraph at lines 500--511
\OT1/cmr/m/n/10 Uni-ver-si-dad de Sevilla/Junta de An-daluc^^S^^Pa/FEDER-UE and CNS2022-135839 funded 
 []


Overfull \hbox (33.58537pt too wide) in paragraph at lines 500--511
\OT1/cmr/m/n/10 by MI-CIU/AEI/10.13039/501100011033 and by Eu-ro-pean Union NextGen-er-a-tionEU/PRTR. 
 []


Overfull \hbox (0.91852pt too wide) in paragraph at lines 500--511
\OT1/cmr/m/n/10 I.R.G. was sup-ported by a doc-toral grant at Uni-ver-si-dad Aut^^Sonoma de Madrid and a 
 []

No file Untitled.bbl.

Package natbib Warning: There were undefined citations.



[9] (./Untitled.aux)
 ***********
LaTeX2e <2024-11-01> patch level 2
L3 programming layer <2025-01-18>
 ***********

LaTeX Font Warning: Size substitutions with differences
(Font)              up to 0.45pt have occurred.

 ) 
Here is how much of TeX's memory you used:
 4329 strings out of 475171
 69113 string characters out of 5765333
 472145 words of memory out of 5000000
 27264 multiletter control sequences out of 15000+600000
 564584 words of font info for 56 fonts, out of 8000000 for 9000
 20 hyphenation exceptions out of 8191
 85i,8n,93p,235b,385s stack positions out of 10000i,1000n,20000p,200000b,200000s
</Users/juliag.dealedo/Library/TinyTeX/texmf-dist/fonts/type1/public/amsfonts/cm/cmbx10.pfb></Users/juliag.dealedo/Library/TinyTeX/texmf-dist/fonts/type1/public/amsfonts/cm/cmbx12.pfb></Users/juliag.dealedo/Library/TinyTeX/texmf-dist/fonts/type1/public/amsfonts/cm/cmbxti10.pfb></Users/juliag.dealedo/Library/TinyTeX/texmf-dist/fonts/type1/public/amsfonts/cm/cmmi7.pfb></Users/juliag.dealedo/Library/TinyTeX/texmf-dist/fonts/type1/public/amsfonts/cm/cmr10.pfb></Users/juliag.dealedo/Library/TinyTeX/texmf-dist/fonts/type1/public/amsfonts/cm/cmr6.pfb></Users/juliag.dealedo/Library/TinyTeX/texmf-dist/fonts/type1/public/amsfonts/cm/cmr7.pfb></Users/juliag.dealedo/Library/TinyTeX/texmf-dist/fonts/type1/public/amsfonts/cm/cmr8.pfb></Users/juliag.dealedo/Library/TinyTeX/texmf-dist/fonts/type1/public/amsfonts/cm/cmr9.pfb></Users/juliag.dealedo/Library/TinyTeX/texmf-dist/fonts/type1/public/amsfonts/cm/cmss8.pfb></Users/juliag.dealedo/Library/TinyTeX/texmf-dist/fonts/type1/public/amsfonts/cm/cmsy5.pfb></Users/juliag.dealedo/Library/TinyTeX/texmf-dist/fonts/type1/public/amsfonts/cm/cmti9.pfb></Users/juliag.dealedo/Library/TinyTeX/texmf-dist/fonts/type1/public/amsfonts/cm/cmtt10.pfb></Users/juliag.dealedo/Library/TinyTeX/texmf-dist/fonts/type1/public/amsfonts/cm/cmtt9.pfb>
Output written on Untitled.pdf (9 pages, 198472 bytes).
PDF statistics:
 104 PDF objects out of 1000 (max. 8388607)
 64 compressed objects within 1 object stream
 0 named destinations out of 1000 (max. 500000)
 1 words of extra memory for PDF output out of 10000 (max. 10000000)

